action: GLOB, msg: packaging
cwd: /home/john/projects/python/numutils
cmd: /home/john/.pyenv/versions/3.10.0/bin/python3.10 setup.py sdist --formats=zip --dist-dir .tox/dist
running sdist
running egg_info
writing numutils.egg-info/PKG-INFO
writing dependency_links to numutils.egg-info/dependency_links.txt
writing top-level names to numutils.egg-info/top_level.txt
reading manifest file 'numutils.egg-info/SOURCES.txt'
reading manifest template 'MANIFEST.in'
warning: no previously-included files matching '__pycache__' found under directory '*'
warning: no files found matching '*.jpg' under directory 'docs'
warning: no files found matching '*.png' under directory 'docs'
warning: no files found matching '*.gif' under directory 'docs'
adding license file 'LICENSE'
writing manifest file 'numutils.egg-info/SOURCES.txt'
running check
creating numutils-0.0.1
creating numutils-0.0.1/docs
creating numutils-0.0.1/numutils
creating numutils-0.0.1/numutils.egg-info
creating numutils-0.0.1/tests
copying files to numutils-0.0.1...
copying CONTRIBUTING.rst -> numutils-0.0.1
copying HISTORY.rst -> numutils-0.0.1
copying LICENSE -> numutils-0.0.1
copying MANIFEST.in -> numutils-0.0.1
copying README.rst -> numutils-0.0.1
copying setup.cfg -> numutils-0.0.1
copying setup.py -> numutils-0.0.1
copying docs/Makefile -> numutils-0.0.1/docs
copying docs/conf.py -> numutils-0.0.1/docs
copying docs/contributing.rst -> numutils-0.0.1/docs
copying docs/history.rst -> numutils-0.0.1/docs
copying docs/index.rst -> numutils-0.0.1/docs
copying docs/installation.rst -> numutils-0.0.1/docs
copying docs/make.bat -> numutils-0.0.1/docs
copying docs/readme.rst -> numutils-0.0.1/docs
copying docs/usage.rst -> numutils-0.0.1/docs
copying numutils/__init__.py -> numutils-0.0.1/numutils
copying numutils/n2w.py -> numutils-0.0.1/numutils
copying numutils.egg-info/PKG-INFO -> numutils-0.0.1/numutils.egg-info
copying numutils.egg-info/SOURCES.txt -> numutils-0.0.1/numutils.egg-info
copying numutils.egg-info/dependency_links.txt -> numutils-0.0.1/numutils.egg-info
copying numutils.egg-info/not-zip-safe -> numutils-0.0.1/numutils.egg-info
copying numutils.egg-info/top_level.txt -> numutils-0.0.1/numutils.egg-info
copying tests/__init__.py -> numutils-0.0.1/tests
copying tests/test_n2w.py -> numutils-0.0.1/tests
Writing numutils-0.0.1/setup.cfg
creating '.tox/dist/numutils-0.0.1.zip' and adding 'numutils-0.0.1' to it
adding 'numutils-0.0.1'
adding 'numutils-0.0.1/numutils.egg-info'
adding 'numutils-0.0.1/docs'
adding 'numutils-0.0.1/tests'
adding 'numutils-0.0.1/numutils'
adding 'numutils-0.0.1/setup.py'
adding 'numutils-0.0.1/CONTRIBUTING.rst'
adding 'numutils-0.0.1/README.rst'
adding 'numutils-0.0.1/LICENSE'
adding 'numutils-0.0.1/MANIFEST.in'
adding 'numutils-0.0.1/setup.cfg'
adding 'numutils-0.0.1/HISTORY.rst'
adding 'numutils-0.0.1/PKG-INFO'
adding 'numutils-0.0.1/numutils.egg-info/top_level.txt'
adding 'numutils-0.0.1/numutils.egg-info/SOURCES.txt'
adding 'numutils-0.0.1/numutils.egg-info/not-zip-safe'
adding 'numutils-0.0.1/numutils.egg-info/dependency_links.txt'
adding 'numutils-0.0.1/numutils.egg-info/PKG-INFO'
adding 'numutils-0.0.1/docs/Makefile'
adding 'numutils-0.0.1/docs/index.rst'
adding 'numutils-0.0.1/docs/installation.rst'
adding 'numutils-0.0.1/docs/conf.py'
adding 'numutils-0.0.1/docs/make.bat'
adding 'numutils-0.0.1/docs/history.rst'
adding 'numutils-0.0.1/docs/contributing.rst'
adding 'numutils-0.0.1/docs/readme.rst'
adding 'numutils-0.0.1/docs/usage.rst'
adding 'numutils-0.0.1/tests/test_n2w.py'
adding 'numutils-0.0.1/tests/__init__.py'
adding 'numutils-0.0.1/numutils/n2w.py'
adding 'numutils-0.0.1/numutils/__init__.py'
removing 'numutils-0.0.1' (and everything under it)
